<?xml version="1.0" encoding="UTF-8"?>
<!-- Generated by org.testng.reporters.JUnitXMLReporter -->
<testsuite ignored="4" hostname="LAPTOP-A3J28KJF" failures="0" tests="4" name="Test" time="7.953" errors="0" timestamp="2022-08-17T00:23:41 IST">
  <testcase classname="com.vtiger.tests.LeadTest" name="verify_leadcreation_with_mandatory_fields_TC03" time="2.715"/>
  <testcase classname="com.vtiger.tests.LoginTest" name="verify_login_with_invalid_credentials_TC01" time="0.515"/>
  <testcase classname="com.vtiger.tests.LoginTest" name="verify_login_with_valid_credentials_TC02" time="1.439"/>
  <testcase classname="com.vtiger.tests.AccountTest" name="verify_accountcreation_with_mandatory_fields_TC04" time="3.244"/>
  <testcase classname="com.vtiger.tests.BaseTest" name="@BeforeSuite setup" time="0.0">
    <ignored/>
  </testcase> <!-- @BeforeSuite setup -->
  <testcase classname="com.vtiger.tests.BaseTest" name="@BeforeSuite setup" time="0.0">
    <ignored/>
  </testcase> <!-- @BeforeSuite setup -->
  <testcase classname="com.vtiger.tests.BaseTest" name="@AfterSuite closeApp" time="0.0">
    <ignored/>
  </testcase> <!-- @AfterSuite closeApp -->
  <testcase classname="com.vtiger.tests.BaseTest" name="@AfterSuite closeApp" time="0.0">
    <ignored/>
  </testcase> <!-- @AfterSuite closeApp -->
</testsuite> <!-- Test -->
