<?xml version="1.0" encoding="UTF-8"?>
<testng-results ignored="4" total="8" passed="4" failed="0" skipped="0">
  <reporter-output>
  </reporter-output>
  <suite started-at="2022-08-17T00:23:33 IST" name="Suite" finished-at="2022-08-17T00:23:41 IST" duration-ms="7953">
    <groups>
    </groups>
    <test started-at="2022-08-17T00:23:33 IST" name="Test" finished-at="2022-08-17T00:23:41 IST" duration-ms="7953">
      <class name="com.vtiger.tests.AccountTest">
        <test-method signature="verify_accountcreation_with_mandatory_fields_TC04()[pri:0, instance:com.vtiger.tests.AccountTest@248e319b]" started-at="2022-08-17T00:23:38 IST" name="verify_accountcreation_with_mandatory_fields_TC04" finished-at="2022-08-17T00:23:41 IST" duration-ms="3244" status="PASS">
          <reporter-output>
          </reporter-output>
        </test-method> <!-- verify_accountcreation_with_mandatory_fields_TC04 -->
      </class> <!-- com.vtiger.tests.AccountTest -->
      <class name="com.vtiger.tests.LeadTest">
        <test-method is-config="true" signature="setup()[pri:0, instance:com.vtiger.tests.LeadTest@2cf3d63b]" started-at="2022-08-17T00:23:31 IST" name="setup" finished-at="2022-08-17T00:23:33 IST" duration-ms="2628" status="PASS">
          <reporter-output>
          </reporter-output>
        </test-method> <!-- setup -->
        <test-method signature="verify_leadcreation_with_mandatory_fields_TC03()[pri:0, instance:com.vtiger.tests.LeadTest@2cf3d63b]" started-at="2022-08-17T00:23:33 IST" name="verify_leadcreation_with_mandatory_fields_TC03" finished-at="2022-08-17T00:23:36 IST" duration-ms="2715" status="PASS">
          <reporter-output>
          </reporter-output>
        </test-method> <!-- verify_leadcreation_with_mandatory_fields_TC03 -->
        <test-method is-config="true" signature="closeApp()[pri:0, instance:com.vtiger.tests.LeadTest@2cf3d63b]" started-at="2022-08-17T00:23:41 IST" name="closeApp" finished-at="2022-08-17T00:23:42 IST" duration-ms="195" status="PASS">
          <reporter-output>
          </reporter-output>
        </test-method> <!-- closeApp -->
      </class> <!-- com.vtiger.tests.LeadTest -->
      <class name="com.vtiger.tests.LoginTest">
        <test-method signature="verify_login_with_invalid_credentials_TC01()[pri:0, instance:com.vtiger.tests.LoginTest@2af004b]" started-at="2022-08-17T00:23:36 IST" name="verify_login_with_invalid_credentials_TC01" finished-at="2022-08-17T00:23:37 IST" duration-ms="515" status="PASS">
          <reporter-output>
          </reporter-output>
        </test-method> <!-- verify_login_with_invalid_credentials_TC01 -->
        <test-method signature="verify_login_with_valid_credentials_TC02()[pri:0, instance:com.vtiger.tests.LoginTest@2af004b]" started-at="2022-08-17T00:23:37 IST" name="verify_login_with_valid_credentials_TC02" finished-at="2022-08-17T00:23:38 IST" duration-ms="1439" status="PASS">
          <reporter-output>
          </reporter-output>
        </test-method> <!-- verify_login_with_valid_credentials_TC02 -->
      </class> <!-- com.vtiger.tests.LoginTest -->
    </test> <!-- Test -->
  </suite> <!-- Suite -->
</testng-results>
